<?xml version="1.0" encoding="UTF-8"?>
<!-- Generated by org.testng.reporters.JUnitReportReporter -->
<testsuite skipped="1" hostname="DIN51003560" name="com.qa.mercuryTool.TestCases.NewRegistrationTest" tests="1" failures="0" timestamp="05 Jul 2019 10:57:50 GMT" time="0.000" errors="0">
  <testcase name="validateRegisterUser" time="0.000" classname="com.qa.mercuryTool.TestCases.NewRegistrationTest">
    <skipped/>
  </testcase> <!-- validateRegisterUser -->
</testsuite> <!-- com.qa.mercuryTool.TestCases.NewRegistrationTest -->
