<?xml version="1.0" encoding="UTF-8"?>
<!-- Generated by org.testng.reporters.JUnitReportReporter -->
<testsuite skipped="0" hostname="DIN51003560" name="com.qa.mercuryTool.TestCases.HomepageTest" tests="2" failures="0" timestamp="08 Jul 2019 10:53:43 GMT" time="20.522" errors="0">
  <testcase name="homePageTest" time="7.896" classname="com.qa.mercuryTool.TestCases.HomepageTest"/>
  <testcase name="goRegistrationPageTest" time="12.626" classname="com.qa.mercuryTool.TestCases.HomepageTest"/>
</testsuite> <!-- com.qa.mercuryTool.TestCases.HomepageTest -->
