<?xml version="1.0" encoding="UTF-8"?>
<!-- Generated by org.testng.reporters.JUnitReportReporter -->
<testsuite skipped="0" hostname="DIN51003560" name="com.qa.mercuryTool.TestCases.HomepageTest" tests="2" failures="0" timestamp="03 Jul 2019 10:27:22 GMT" time="16.665" errors="0">
  <testcase name="homePageTest" time="7.613" classname="com.qa.mercuryTool.TestCases.HomepageTest"/>
  <testcase name="goRegistrationPageTest" time="9.052" classname="com.qa.mercuryTool.TestCases.HomepageTest"/>
</testsuite> <!-- com.qa.mercuryTool.TestCases.HomepageTest -->
