<?xml version="1.0" encoding="UTF-8"?>
<!-- Generated by org.testng.reporters.JUnitReportReporter -->
<testsuite skipped="0" hostname="DIN51003560" name="com.qa.mercuryTool.TestCases.RegistrationPageTest" tests="1" failures="0" timestamp="09 Jul 2019 06:16:04 GMT" time="14.513" errors="0">
  <testcase name="registrationPageTest" time="14.513" classname="com.qa.mercuryTool.TestCases.RegistrationPageTest"/>
</testsuite> <!-- com.qa.mercuryTool.TestCases.RegistrationPageTest -->
