<?xml version="1.0" encoding="UTF-8"?>
<!-- Generated by org.testng.reporters.JUnitReportReporter -->
<testsuite skipped="0" hostname="DIN51003560" name="com.qa.mercuryTool.TestCases.HomepageTest" tests="2" failures="0" timestamp="09 Jul 2019 06:16:04 GMT" time="17.403" errors="0">
  <testcase name="homePageTest" time="8.233" classname="com.qa.mercuryTool.TestCases.HomepageTest"/>
  <testcase name="goRegistrationPageTest" time="9.170" classname="com.qa.mercuryTool.TestCases.HomepageTest"/>
</testsuite> <!-- com.qa.mercuryTool.TestCases.HomepageTest -->
